[09/27/2022 22:45:33] Debug: Session id: 8da80e08-798b-4450-b413-494f637da160
[09/27/2022 22:45:33] Debug: Code Processor information: Name :SnowConvert, Version: 9.0.49.0
[09/27/2022 22:45:34] Debug: Getting license
[09/27/2022 22:45:34] Debug: License information
	Status: Failed
	Message: No active license available.
[09/27/2022 22:45:34] Info: Starting to validate parameters
[09/27/2022 22:45:34] Info: Parameters to validate: 
	Execution mode: Conversion
	LICENSE_KEY: a3372138-b87e-4a08-b929-3b48b24c63f1
[09/27/2022 22:45:34] Info: Validation of parameters: Success
[09/27/2022 22:45:34] Debug: Getting code descriptor
[09/27/2022 22:45:34] Debug: Code descriptor information
	Units: 51
	Units type: LOC
	All file bytes: 2141
	All found extensions: .sql,.dml,.ddl,.bteq,.btq,.fl,.fload,.ml,.mload,.mld,.tp,.tpump,.tpt
[09/27/2022 22:45:34] Debug: Calculating fingerprint
[09/27/2022 22:45:34] Debug: Fingerprint information Fingerprint(size=2141,projects=1)
[09/27/2022 22:45:34] Info: Starting to try to validate online license for execution
[09/27/2022 22:45:35] Debug: Getting license
[09/27/2022 22:45:35] Debug: License information
	Status: Failed
	Message: No active license available.
[09/27/2022 22:45:35] Debug: Starting the execution of the controller
[09/27/2022 22:45:36] Debug: Executing the worker: SnowConvert
[09/27/2022 22:45:46] Debug: Finished executing the worker: SnowConvert
[09/27/2022 22:45:48] Info: Controller execution ended
